TN:
SF:src/App.tsx
FN:182,App
FN:188,(anonymous_1)
FN:192,updateSetting
FN:193,(anonymous_3)
FN:259,(anonymous_4)
FN:266,(anonymous_5)
FN:275,(anonymous_6)
FN:323,PensionSummaryPanel
FN:389,SummarySection
FN:394,(anonymous_9)
FN:411,Field
FN:424,(anonymous_11)
FN:449,(anonymous_12)
FN:461,formatFieldValue
FN:473,ProjectionTable
FN:499,(anonymous_15)
FN:510,(anonymous_16)
FN:535,formatDate
FN:553,formatCurrencyDetailed
FN:562,formatYears
FNF:20
FNH:20
FNDA:14,App
FNDA:14,(anonymous_1)
FNDA:9,updateSetting
FNDA:9,(anonymous_3)
FNDA:11,(anonymous_4)
FNDA:42,(anonymous_5)
FNDA:182,(anonymous_6)
FNDA:14,PensionSummaryPanel
FNDA:28,SummarySection
FNDA:182,(anonymous_9)
FNDA:182,Field
FNDA:4,(anonymous_11)
FNDA:5,(anonymous_12)
FNDA:378,formatFieldValue
FNDA:14,ProjectionTable
FNDA:1770,(anonymous_15)
FNDA:9,(anonymous_16)
FNDA:1896,formatDate
FNDA:12530,formatCurrencyDetailed
FNDA:28,formatYears
DA:56,1
DA:183,14
DA:184,14
DA:185,14
DA:186,14
DA:188,14
DA:189,14
DA:193,9
DA:199,14
DA:260,11
DA:267,42
DA:276,182
DA:324,14
DA:390,28
DA:395,182
DA:412,182
DA:413,56
DA:425,4
DA:432,126
DA:450,5
DA:462,378
DA:463,168
DA:466,210
DA:474,14
DA:475,11
DA:482,3
DA:500,1770
DA:511,9
DA:536,1896
DA:537,0
DA:540,1896
DA:542,1896
DA:543,0
DA:546,1896
DA:554,12530
DA:563,28
LF:36
LH:34
BRDA:247,0,0,11
BRDA:247,0,1,3
BRDA:412,1,0,56
BRDA:412,1,1,126
BRDA:438,2,0,126
BRDA:438,2,1,112
BRDA:462,3,0,168
BRDA:462,3,1,210
BRDA:474,4,0,11
BRDA:474,4,1,3
BRDA:502,5,0,6
BRDA:502,5,1,1764
BRDA:503,6,0,6
BRDA:503,6,1,1764
BRDA:508,7,0,6
BRDA:508,7,1,1764
BRDA:536,8,0,0
BRDA:536,8,1,1896
BRDA:542,9,0,0
BRDA:542,9,1,1896
BRF:20
BRH:18
end_of_record
TN:
SF:src/projection.ts
FN:74,deriveProjectionInputs
FN:106,createProjectionTable
FN:126,(anonymous_2)
FN:183,generatePensionSummary
FN:242,(anonymous_4)
FN:277,generateMonthlyDateRange
FN:289,getLifeExpectancyDate
FN:293,calculateAge
FN:310,calculateMonthlyAlphaAccrual
FN:314,calculateAccruedAlphaPension
FN:321,calculateMonthlyAddedPension
FN:356,calculateLumpSumAddedPension
FN:360,getAddedPensionFactorForAge
FN:365,(anonymous_13)
FN:371,getAddedPensionRevaluationFactor
FN:375,getEarlyRetirementReductionFactor
FN:380,(anonymous_16)
FN:392,calculateAnnualAlphaPensionIncludingReduction
FN:403,calculateMonthlyAlphaPensionTakeHome
FN:415,calculateMonthlyAlphaPensionIncludingReduction
FN:429,calculateMonthlyStatePension
FN:437,calculateTotalGrossMonthlyPension
FN:444,generateMilestoneDefinitions
FN:456,buildMilestoneMap
FN:465,(anonymous_24)
FN:478,addYears
FN:487,addMonths
FN:497,minIsoDate
FN:501,findFirstRowAtOrAfterDate
FN:502,(anonymous_29)
FN:505,calculateYearDifference
FN:516,parseIsoDate
FN:521,formatIsoDate
FN:525,getDaysInMonth
FNF:34
FNH:33
FNDA:27,deriveProjectionInputs
FNDA:25,createProjectionTable
FNDA:3046,(anonymous_2)
FNDA:21,generatePensionSummary
FNDA:2997,(anonymous_4)
FNDA:32,generateMonthlyDateRange
FNDA:15,getLifeExpectancyDate
FNDA:4343,calculateAge
FNDA:1294,calculateMonthlyAlphaAccrual
FNDA:3047,calculateAccruedAlphaPension
FNDA:3048,calculateMonthlyAddedPension
FNDA:3047,calculateLumpSumAddedPension
FNDA:1297,getAddedPensionFactorForAge
FNDA:44294,(anonymous_13)
FNDA:1294,getAddedPensionRevaluationFactor
FNDA:15,getEarlyRetirementReductionFactor
FNDA:699,(anonymous_16)
FNDA:3048,calculateAnnualAlphaPensionIncludingReduction
FNDA:3048,calculateMonthlyAlphaPensionTakeHome
FNDA:0,calculateMonthlyAlphaPensionIncludingReduction
FNDA:3048,calculateMonthlyStatePension
FNDA:3047,calculateTotalGrossMonthlyPension
FNDA:18,generateMilestoneDefinitions
FNDA:18,buildMilestoneMap
FNDA:4567,(anonymous_24)
FNDA:101,addYears
FNDA:6219,addMonths
FNDA:35,minIsoDate
FNDA:18,findFirstRowAtOrAfterDate
FNDA:3086,(anonymous_29)
FNDA:42,calculateYearDifference
FNDA:15090,parseIsoDate
FNDA:6320,formatIsoDate
FNDA:6320,getDaysInMonth
DA:54,2
DA:55,2
DA:56,2
DA:57,2
DA:77,27
DA:78,13
DA:81,14
DA:82,14
DA:83,14
DA:84,14
DA:85,14
DA:86,14
DA:88,14
DA:95,27
DA:107,25
DA:109,25
DA:110,12
DA:120,13
DA:122,13
DA:124,13
DA:126,13
DA:127,3046
DA:129,3046
DA:133,3046
DA:135,3046
DA:139,3046
DA:145,3046
DA:147,3046
DA:153,3046
DA:158,3046
DA:163,3046
DA:168,3046
DA:187,21
DA:188,12
DA:192,12
DA:197,12
DA:228,9
DA:232,9
DA:236,9
DA:238,9
DA:240,21
DA:241,21
DA:242,2997
DA:244,21
DA:246,21
DA:278,32
DA:279,32
DA:281,32
DA:282,6217
DA:283,6217
DA:286,32
DA:290,15
DA:294,4343
DA:295,4343
DA:297,4343
DA:299,4343
DA:303,4343
DA:304,1832
DA:307,4343
DA:311,1294
DA:318,3047
DA:334,3048
DA:336,3048
DA:337,1753
DA:340,1295
DA:341,1295
DA:343,1295
DA:344,1
DA:347,1294
DA:349,1294
DA:350,0
DA:353,1294
DA:357,3047
DA:364,1297
DA:365,44294
DA:368,1297
DA:372,1294
DA:379,15
DA:381,699
DA:385,15
DA:386,1
DA:389,14
DA:398,3048
DA:408,3048
DA:409,1290
DA:412,1758
DA:422,0
DA:426,0
DA:434,3048
DA:441,3047
DA:449,18
DA:461,18
DA:462,18
DA:464,18
DA:465,4567
DA:467,54
DA:468,6
DA:471,48
DA:472,54
DA:475,18
DA:479,101
DA:480,101
DA:481,101
DA:482,101
DA:484,101
DA:488,6219
DA:489,6219
DA:490,6219
DA:491,6219
DA:492,6219
DA:494,6219
DA:498,35
DA:502,3086
DA:506,42
DA:507,42
DA:508,42
DA:511,42
DA:513,42
DA:517,15090
DA:518,15090
DA:522,6320
DA:526,6320
LF:122
LH:119
BRDA:77,0,0,13
BRDA:77,0,1,14
BRDA:88,1,0,0
BRDA:88,1,1,14
BRDA:109,2,0,12
BRDA:109,2,1,13
BRDA:129,3,0,1293
BRDA:129,3,1,1753
BRDA:171,4,0,3046
BRDA:171,4,1,3026
BRDA:187,5,0,12
BRDA:187,5,1,9
BRDA:238,6,0,9
BRDA:238,6,1,0
BRDA:240,7,0,21
BRDA:240,7,1,2
BRDA:253,8,0,21
BRDA:253,8,1,0
BRDA:254,9,0,21
BRDA:254,9,1,0
BRDA:259,10,0,21
BRDA:259,10,1,0
BRDA:260,11,0,21
BRDA:260,11,1,0
BRDA:261,12,0,21
BRDA:261,12,1,0
BRDA:262,13,0,21
BRDA:262,13,1,0
BRDA:299,14,0,4343
BRDA:299,14,1,2200
BRDA:299,14,2,374
BRDA:303,15,0,1832
BRDA:303,15,1,2511
BRDA:333,16,0,3048
BRDA:336,17,0,1753
BRDA:336,17,1,1295
BRDA:343,18,0,1
BRDA:343,18,1,1294
BRDA:349,19,0,0
BRDA:349,19,1,1294
BRDA:362,20,0,1297
BRDA:368,21,0,1297
BRDA:368,21,1,2
BRDA:381,22,0,699
BRDA:381,22,1,99
BRDA:385,23,0,1
BRDA:385,23,1,14
BRDA:398,24,0,1
BRDA:398,24,1,3047
BRDA:408,25,0,1290
BRDA:408,25,1,1758
BRDA:422,26,0,0
BRDA:422,26,1,0
BRDA:434,27,0,1234
BRDA:434,27,1,1814
BRDA:467,28,0,6
BRDA:467,28,1,48
BRDA:471,29,0,48
BRDA:471,29,1,30
BRDA:498,30,0,33
BRDA:498,30,1,2
BRF:61
BRH:50
end_of_record
TN:
SF:src/settings.ts
FN:56,loadStoredSettings
FN:81,saveSettings
FN:92,normalizeSetting
FN:116,coerceSettings
FN:135,formatCurrency
FN:143,coerceNumber
FN:148,coerceString
FN:152,createDefaultSettings
FN:159,getTodayIsoDate
FN:163,isValidIsoDate
FN:187,validateSettings
FN:240,normalizeSettings
FN:282,normalizeNumericSetting
FN:296,normalizeDate
FN:300,addYearsToIsoDate
FNF:15
FNH:15
FNDA:7,loadStoredSettings
FNDA:15,saveSettings
FNDA:266,normalizeSetting
FNDA:4,coerceSettings
FNDA:168,formatCurrency
FNDA:36,coerceNumber
FNDA:12,coerceString
FNDA:10,createDefaultSettings
FNDA:37,getTodayIsoDate
FNDA:88,isValidIsoDate
FNDA:42,validateSettings
FNDA:19,normalizeSettings
FNDA:182,normalizeNumericSetting
FNDA:84,normalizeDate
FNDA:126,addYearsToIsoDate
DA:1,3
DA:26,3
DA:40,3
DA:57,7
DA:59,7
DA:60,0
DA:63,7
DA:65,7
DA:66,2
DA:69,5
DA:70,5
DA:72,5
DA:77,1
DA:82,15
DA:83,0
DA:86,15
DA:87,15
DA:89,15
DA:96,266
DA:98,21
DA:100,22
DA:102,21
DA:107,20
DA:112,182
DA:119,4
DA:136,168
DA:144,36
DA:145,36
DA:149,12
DA:153,10
DA:160,37
DA:164,88
DA:166,88
DA:167,5
DA:170,83
DA:171,83
DA:172,83
DA:173,83
DA:175,83
DA:176,0
DA:179,83
DA:180,1
DA:183,82
DA:184,82
DA:188,42
DA:189,42
DA:193,42
DA:197,42
DA:202,42
DA:203,3
DA:209,42
DA:210,1
DA:216,42
DA:217,21
DA:223,42
DA:224,3
DA:230,42
DA:231,0
DA:237,42
DA:241,19
DA:283,182
DA:285,182
DA:286,0
DA:289,182
DA:290,182
DA:291,182
DA:293,182
DA:297,84
DA:301,126
DA:302,126
DA:303,126
DA:304,126
DA:306,126
LF:73
LH:68
BRDA:59,0,0,0
BRDA:59,0,1,7
BRDA:65,1,0,2
BRDA:65,1,1,5
BRDA:82,2,0,0
BRDA:82,2,1,15
BRDA:96,3,0,21
BRDA:96,3,1,22
BRDA:96,3,2,21
BRDA:96,3,3,20
BRDA:96,3,4,182
BRDA:145,4,0,36
BRDA:145,4,1,0
BRDA:149,5,0,12
BRDA:149,5,1,0
BRDA:166,6,0,5
BRDA:166,6,1,83
BRDA:175,7,0,0
BRDA:175,7,1,83
BRDA:175,8,0,83
BRDA:175,8,1,83
BRDA:175,8,2,83
BRDA:179,9,0,1
BRDA:179,9,1,82
BRDA:179,10,0,83
BRDA:179,10,1,83
BRDA:184,11,0,82
BRDA:184,11,1,82
BRDA:202,12,0,3
BRDA:202,12,1,39
BRDA:209,13,0,1
BRDA:209,13,1,41
BRDA:216,14,0,21
BRDA:216,14,1,21
BRDA:223,15,0,3
BRDA:223,15,1,39
BRDA:230,16,0,0
BRDA:230,16,1,42
BRDA:285,17,0,0
BRDA:285,17,1,182
BRDA:297,18,0,77
BRDA:297,18,1,7
BRF:42
BRH:35
end_of_record
TN:
SF:src/data/alpha_pension_added_pension_factors.json
FNF:0
FNH:0
LF:0
LH:0
BRF:0
BRH:0
end_of_record
TN:
SF:src/data/alpha_pension_reduction_factors.json
FNF:0
FNH:0
LF:0
LH:0
BRF:0
BRH:0
end_of_record
