TN:
SF:src/App.tsx
FN:196,App
FN:199,(anonymous_1)
FN:203,updateSetting
FN:204,(anonymous_3)
FN:210,resetSettings
FN:259,(anonymous_5)
FN:268,(anonymous_6)
FN:329,Field
FN:342,(anonymous_8)
FN:367,(anonymous_9)
FN:379,formatFieldValue
FN:387,formatDate
FNF:12
FNH:11
FNDA:19,App
FNDA:19,(anonymous_1)
FNDA:15,updateSetting
FNDA:15,(anonymous_3)
FNDA:0,resetSettings
FNDA:57,(anonymous_5)
FNDA:285,(anonymous_6)
FNDA:285,Field
FNDA:4,(anonymous_8)
FNDA:11,(anonymous_9)
FNDA:627,formatFieldValue
FNDA:133,formatDate
DA:53,1
DA:197,19
DA:199,19
DA:200,19
DA:204,15
DA:211,0
DA:214,19
DA:260,57
DA:269,285
DA:330,285
DA:331,76
DA:343,4
DA:350,209
DA:368,11
DA:380,627
DA:381,285
DA:384,342
DA:388,133
DA:389,0
DA:392,133
DA:394,133
DA:395,0
DA:398,133
LF:23
LH:20
BRDA:330,0,0,76
BRDA:330,0,1,209
BRDA:356,1,0,209
BRDA:356,1,1,190
BRDA:380,2,0,285
BRDA:380,2,1,342
BRDA:388,3,0,0
BRDA:388,3,1,133
BRDA:394,4,0,0
BRDA:394,4,1,133
BRF:10
BRH:8
end_of_record
TN:
SF:src/settings.ts
FN:57,loadStoredSettings
FN:82,saveSettings
FN:93,normalizeSetting
FN:117,coerceSettings
FN:138,formatCurrency
FN:146,coerceNumber
FN:151,coerceString
FN:155,createDefaultSettings
FN:162,getTodayIsoDate
FN:166,normalizeSettings
FN:210,normalizeNumericSetting
FN:224,normalizeDate
FNF:12
FNH:12
FNDA:6,loadStoredSettings
FNDA:20,saveSettings
FNDA:370,normalizeSetting
FNDA:3,coerceSettings
FNDA:342,formatCurrency
FNDA:33,coerceNumber
FNDA:9,coerceString
FNDA:9,createDefaultSettings
FNDA:39,getTodayIsoDate
FNDA:23,normalizeSettings
FNDA:271,normalizeNumericSetting
FNDA:99,normalizeDate
DA:1,2
DA:23,2
DA:39,2
DA:58,6
DA:60,6
DA:61,0
DA:64,6
DA:66,6
DA:67,2
DA:70,4
DA:71,4
DA:73,4
DA:78,1
DA:83,20
DA:84,0
DA:87,20
DA:88,20
DA:90,20
DA:97,370
DA:99,25
DA:101,25
DA:103,25
DA:108,24
DA:113,271
DA:120,3
DA:139,342
DA:147,33
DA:148,33
DA:152,9
DA:156,9
DA:163,39
DA:167,23
DA:211,271
DA:213,271
DA:214,0
DA:217,271
DA:218,271
DA:219,271
DA:221,271
DA:225,99
DA:226,5
DA:229,94
DA:230,94
LF:43
LH:40
BRDA:60,0,0,0
BRDA:60,0,1,6
BRDA:66,1,0,2
BRDA:66,1,1,4
BRDA:83,2,0,0
BRDA:83,2,1,20
BRDA:97,3,0,25
BRDA:97,3,1,25
BRDA:97,3,2,25
BRDA:97,3,3,24
BRDA:97,3,4,271
BRDA:148,4,0,33
BRDA:148,4,1,0
BRDA:152,5,0,9
BRDA:152,5,1,0
BRDA:213,6,0,0
BRDA:213,6,1,271
BRDA:225,7,0,5
BRDA:225,7,1,94
BRDA:230,8,0,1
BRDA:230,8,1,93
BRF:21
BRH:16
end_of_record
